<?xml version="1.0" encoding="UTF-8"?>
<!-- Generated by org.testng.reporters.JUnitXMLReporter -->
<testsuite hostname="MX-IT01115" name="Default test" tests="8" failures="0" timestamp="6 Apr 2018 14:13:31 GMT" time="0.039" errors="0">
  <testcase name="verifyNavigationBar" time="0.009" classname="com.tae.training.test.StarbucksLandingTestDataProvider"/>
  <testcase name="verifyNavigationBar" time="0.001" classname="com.tae.training.test.StarbucksLandingTestDataProvider"/>
  <testcase name="verifyNavigationBar" time="0.001" classname="com.tae.training.test.StarbucksLandingTestDataProvider"/>
  <testcase name="verifyNavigationBar" time="0.001" classname="com.tae.training.test.StarbucksLandingTestDataProvider"/>
  <testcase name="verifyNavigationBar" time="0.001" classname="com.tae.training.test.StarbucksLandingTestDataProvider"/>
  <testcase name="verifyNavigationBar" time="0.0" classname="com.tae.training.test.StarbucksLandingTestDataProvider"/>
  <testcase name="verifyNavigationBar" time="0.002" classname="com.tae.training.test.StarbucksLandingTestDataProvider"/>
  <testcase name="verifyNavigationBar" time="0.001" classname="com.tae.training.test.StarbucksLandingTestDataProvider"/>
</testsuite> <!-- Default test -->
