<?xml version="1.0" encoding="UTF-8"?>
<!-- Generated by org.testng.reporters.JUnitXMLReporter -->
<testsuite hostname="MX-IT01115" name="Test Case 1 - Check Navigation Bar" tests="10" failures="0" timestamp="3 Apr 2018 22:29:39 GMT" time="1.788" errors="0">
  <testcase name="testStarbucksMenuProperties" time="1.671" classname="com.tae.training.test.StarbucksLandingTest"/>
  <testcase name="verifyNavigationBar" time="0.001" classname="com.tae.training.test.StarbucksLandingTestDataProvider"/>
  <testcase name="verifyNavigationBar" time="0.008" classname="com.tae.training.test.StarbucksLandingTestDataProvider"/>
  <testcase name="verifyNavigationBar" time="0.0" classname="com.tae.training.test.StarbucksLandingTestDataProvider"/>
  <testcase name="verifyNavigationBar" time="0.039" classname="com.tae.training.test.StarbucksLandingTestDataProvider"/>
  <testcase name="verifyNavigationBar" time="0.0" classname="com.tae.training.test.StarbucksLandingTestDataProvider"/>
  <testcase name="verifyNavigationBar" time="0.0" classname="com.tae.training.test.StarbucksLandingTestDataProvider"/>
  <testcase name="verifyNavigationBar" time="0.0" classname="com.tae.training.test.StarbucksLandingTestDataProvider"/>
  <testcase name="verifyNavigationBar" time="0.015" classname="com.tae.training.test.StarbucksLandingTestDataProvider"/>
  <testcase name="testStarbucksMenuParameters" time="0.0" classname="com.tae.training.test.StarbucksLandingTestParameters"/>
</testsuite> <!-- Test Case 1 - Check Navigation Bar -->
