<?xml version="1.0" encoding="UTF-8"?>
<testng-results skipped="0" failed="0" total="1" passed="1">
  <reporter-output>
  </reporter-output>
  <suite name="Default suite" duration-ms="1538" started-at="2018-04-03T20:24:46Z" finished-at="2018-04-03T20:24:47Z">
    <groups>
    </groups>
    <test name="Default test" duration-ms="1538" started-at="2018-04-03T20:24:46Z" finished-at="2018-04-03T20:24:47Z">
      <class name="com.tae.training.test.StarbucksLandingTest">
        <test-method status="PASS" signature="beforeSuite()[pri:0, instance:com.tae.training.test.StarbucksLandingTest@51081592]" name="beforeSuite" is-config="true" duration-ms="6484" started-at="2018-04-03T15:24:39Z" finished-at="2018-04-03T15:24:46Z">
          <reporter-output>
          </reporter-output>
        </test-method> <!-- beforeSuite -->
        <test-method status="PASS" signature="testStarbucksMenuProperties()[pri:0, instance:com.tae.training.test.StarbucksLandingTest@51081592]" name="testStarbucksMenuProperties" duration-ms="1510" started-at="2018-04-03T15:24:46Z" finished-at="2018-04-03T15:24:47Z">
          <reporter-output>
          </reporter-output>
        </test-method> <!-- testStarbucksMenuProperties -->
        <test-method status="PASS" signature="afterSuite()[pri:0, instance:com.tae.training.test.StarbucksLandingTest@51081592]" name="afterSuite" is-config="true" duration-ms="648" started-at="2018-04-03T15:24:47Z" finished-at="2018-04-03T15:24:48Z">
          <reporter-output>
          </reporter-output>
        </test-method> <!-- afterSuite -->
      </class> <!-- com.tae.training.test.StarbucksLandingTest -->
    </test> <!-- Default test -->
  </suite> <!-- Default suite -->
</testng-results>
